<?xml version="1.0" encoding="UTF-8"?>
<!-- Generated by org.testng.reporters.JUnitXMLReporter -->
<testsuite ignored="0" hostname="DESKTOP-2ID5ETO" failures="0" tests="2" name="Default test" time="39.821" errors="0" timestamp="2026-05-03T22:51:59 IST">
  <testcase classname="tests.SingleOrMultipleCheckoutTest" name="TC02_MultipleCheckoutAndOrder" time="15.091"/>
  <testcase classname="tests.SingleOrMultipleCheckoutTest" name="TC02_SingleCheckoutAndOrder" time="14.694"/>
</testsuite> <!-- Default test -->
