<?xml version="1.0" encoding="UTF-8"?>
<testng-results ignored="0" total="2" passed="2" failed="0" skipped="0">
  <reporter-output>
  </reporter-output>
  <suite started-at="2026-05-03T22:51:19 IST" name="Default suite" finished-at="2026-05-03T22:51:58 IST" duration-ms="39821">
    <groups>
    </groups>
    <test started-at="2026-05-03T22:51:19 IST" name="Default test" finished-at="2026-05-03T22:51:58 IST" duration-ms="39821">
      <class name="tests.SingleOrMultipleCheckoutTest">
        <test-method is-config="true" signature="setUp()[pri:0, instance:tests.SingleOrMultipleCheckoutTest@5fe94a96]" started-at="2026-05-03T22:51:19 IST" name="setUp" finished-at="2026-05-03T22:51:24 IST" duration-ms="5458" status="PASS">
          <reporter-output>
          </reporter-output>
        </test-method> <!-- setUp -->
        <test-method signature="TC02_MultipleCheckoutAndOrder()[pri:0, instance:tests.SingleOrMultipleCheckoutTest@5fe94a96]" started-at="2026-05-03T22:51:24 IST" name="TC02_MultipleCheckoutAndOrder" finished-at="2026-05-03T22:51:39 IST" duration-ms="15091" status="PASS">
          <reporter-output>
          </reporter-output>
        </test-method> <!-- TC02_MultipleCheckoutAndOrder -->
        <test-method is-config="true" signature="tearDown()[pri:0, instance:tests.SingleOrMultipleCheckoutTest@5fe94a96]" started-at="2026-05-03T22:51:39 IST" name="tearDown" finished-at="2026-05-03T22:51:40 IST" duration-ms="616" status="PASS">
          <reporter-output>
          </reporter-output>
        </test-method> <!-- tearDown -->
        <test-method is-config="true" signature="setUp()[pri:0, instance:tests.SingleOrMultipleCheckoutTest@5fe94a96]" started-at="2026-05-03T22:51:40 IST" name="setUp" finished-at="2026-05-03T22:51:43 IST" duration-ms="3080" status="PASS">
          <reporter-output>
          </reporter-output>
        </test-method> <!-- setUp -->
        <test-method signature="TC02_SingleCheckoutAndOrder()[pri:0, instance:tests.SingleOrMultipleCheckoutTest@5fe94a96]" started-at="2026-05-03T22:51:43 IST" name="TC02_SingleCheckoutAndOrder" finished-at="2026-05-03T22:51:58 IST" duration-ms="14694" status="PASS">
          <reporter-output>
          </reporter-output>
        </test-method> <!-- TC02_SingleCheckoutAndOrder -->
        <test-method is-config="true" signature="tearDown()[pri:0, instance:tests.SingleOrMultipleCheckoutTest@5fe94a96]" started-at="2026-05-03T22:51:58 IST" name="tearDown" finished-at="2026-05-03T22:51:58 IST" duration-ms="743" status="PASS">
          <reporter-output>
          </reporter-output>
        </test-method> <!-- tearDown -->
      </class> <!-- tests.SingleOrMultipleCheckoutTest -->
    </test> <!-- Default test -->
  </suite> <!-- Default suite -->
</testng-results>
