<?xml version="1.0" encoding="UTF-8"?>
<!-- Generated by org.testng.reporters.JUnitReportReporter -->
<testsuite hostname="DESKTOP-2ID5ETO" failures="0" tests="2" name="tests.SingleOrMultipleCheckoutTest" time="39.682" errors="0" timestamp="2026-05-03T22:51:59 IST" skipped="0">
  <testcase classname="tests.SingleOrMultipleCheckoutTest" name="TC02_SingleCheckoutAndOrder" time="20.895"/>
  <testcase classname="tests.SingleOrMultipleCheckoutTest" name="TC02_MultipleCheckoutAndOrder" time="18.787"/>
</testsuite> <!-- tests.SingleOrMultipleCheckoutTest -->
